build/outputs/logs/manifest-merger-debug-report.txt
-- Merging decision tree log ---
manifest
ADDED from Desktop/App2/AndroidManifest.xml:2:1-64:12
INJECTED from Desktop/App2/AndroidManifest.xml:2:1-64:12
INJECTED from Desktop/App2/AndroidManifest.xml:2:1-64:12
MERGED from [com.android.support:appcompat-v7:28.0.0] AndroidManifest.xml:17:1-22:12
MERGED from [com.android.support.constraint:constraint-layout:1.1.3] AndroidManifest.xml:2:1-11:12
MERGED from [com.android.support:support-fragment:28.0.0] AndroidManifest.xml:17:1-22:12
MERGED from [com.android.support:animated-vector-drawable:28.0.0] AndroidManifest.xml:17:1-22:12
MERGED from [com.android.support:support-core-ui:28.0.0] AndroidManifest.xml:17:1-22:12
MERGED from [com.android.support:support-core-utils:28.0.0] AndroidManifest.xml:17:1-22:12
MERGED from [com.android.support:support-vector-drawable:28.0.0] AndroidManifest.xml:17:1-22:12
MERGED from [com.android.support:loader:28.0.0] AndroidManifest.xml:17:1-22:12
MERGED from [com.android.support:viewpager:28.0.0] AndroidManifest.xml:17:1-22:12
MERGED from [com.android.support:coordinatorlayout:28.0.0] AndroidManifest.xml:17:1-22:12
MERGED from [com.android.support:drawerlayout:28.0.0] AndroidManifest.xml:17:1-22:12
MERGED from [com.android.support:slidingpanelayout:28.0.0] AndroidManifest.xml:17:1-22:12
MERGED from [com.android.support:customview:28.0.0] AndroidManifest.xml:17:1-22:12
MERGED from [com.android.support:swiperefreshlayout:28.0.0] AndroidManifest.xml:17:1-22:12
MERGED from [com.android.support:asynclayoutinflater:28.0.0] AndroidManifest.xml:17:1-22:12
MERGED from [com.android.support:support-compat:28.0.0] AndroidManifest.xml:17:1-24:12
MERGED from [com.android.support:versionedparcelable:28.0.0] AndroidManifest.xml:17:1-25:12
MERGED from [com.android.support:cursoradapter:28.0.0] AndroidManifest.xml:17:1-22:12
MERGED from [android.arch.lifecycle:runtime:1.1.1] AndroidManifest.xml:17:1-22:12
MERGED from [com.android.support:documentfile:28.0.0] AndroidManifest.xml:17:1-22:12
MERGED from [com.android.support:localbroadcastmanager:28.0.0] AndroidManifest.xml:17:1-22:12
MERGED from [com.android.support:print:28.0.0] AndroidManifest.xml:17:1-22:12
MERGED from [android.arch.lifecycle:viewmodel:1.1.1] AndroidManifest.xml:17:1-22:12
MERGED from [android.arch.lifecycle:livedata:1.1.1] AndroidManifest.xml:17:1-22:12
MERGED from [android.arch.lifecycle:livedata-core:1.1.1] AndroidManifest.xml:17:1-22:12
MERGED from [android.arch.core:runtime:1.1.1] AndroidManifest.xml:17:1-22:12
MERGED from [com.android.support:interpolator:28.0.0] AndroidManifest.xml:17:1-22:12
INJECTED from Desktop/App2/AndroidManifest.xml:2:1-64:12
INJECTED from Desktop/App2/AndroidManifest.xml:2:1-64:12
	package
		ADDED from Desktop/App2/AndroidManifest.xml:3:5-34
	android:versionName
		ADDED from Desktop/App2/AndroidManifest.xml:5:5-53
		INJECTED from Desktop/App2/AndroidManifest.xml
		INJECTED from Desktop/App2/AndroidManifest.xml
	xmlns:android
		ADDED from Desktop/App2/AndroidManifest.xml:2:11-69
	android:versionCode
		ADDED from Desktop/App2/AndroidManifest.xml:4:5-29
		INJECTED from Desktop/App2/AndroidManifest.xml
		INJECTED from Desktop/App2/AndroidManifest.xml
uses-sdk
ADDED from Desktop/App2/AndroidManifest.xml:7:5-47
INJECTED from Desktop/App2/AndroidManifest.xml:7:5-47
INJECTED from Desktop/App2/AndroidManifest.xml:7:5-47
MERGED from [com.android.support:appcompat-v7:28.0.0] AndroidManifest.xml:20:5-44
MERGED from [com.android.support:appcompat-v7:28.0.0] AndroidManifest.xml:20:5-44
MERGED from [com.android.support.constraint:constraint-layout:1.1.3] AndroidManifest.xml:5:5-7:41
MERGED from [com.android.support.constraint:constraint-layout:1.1.3] AndroidManifest.xml:5:5-7:41
MERGED from [com.android.support:support-fragment:28.0.0] AndroidManifest.xml:20:5-44
MERGED from [com.android.support:support-fragment:28.0.0] AndroidManifest.xml:20:5-44
MERGED from [com.android.support:animated-vector-drawable:28.0.0] AndroidManifest.xml:20:5-44
MERGED from [com.android.support:animated-vector-drawable:28.0.0] AndroidManifest.xml:20:5-44
MERGED from [com.android.support:support-core-ui:28.0.0] AndroidManifest.xml:20:5-44
MERGED from [com.android.support:support-core-ui:28.0.0] AndroidManifest.xml:20:5-44
MERGED from [com.android.support:support-core-utils:28.0.0] AndroidManifest.xml:20:5-44
MERGED from [com.android.support:support-core-utils:28.0.0] AndroidManifest.xml:20:5-44
MERGED from [com.android.support:support-vector-drawable:28.0.0] AndroidManifest.xml:20:5-44
MERGED from [com.android.support:support-vector-drawable:28.0.0] AndroidManifest.xml:20:5-44
MERGED from [com.android.support:loader:28.0.0] AndroidManifest.xml:20:5-44
MERGED from [com.android.support:loader:28.0.0] AndroidManifest.xml:20:5-44
MERGED from [com.android.support:viewpager:28.0.0] AndroidManifest.xml:20:5-44
MERGED from [com.android.support:viewpager:28.0.0] AndroidManifest.xml:20:5-44
MERGED from [com.android.support:coordinatorlayout:28.0.0] AndroidManifest.xml:20:5-44
MERGED from [com.android.support:coordinatorlayout:28.0.0] AndroidManifest.xml:20:5-44
MERGED from [com.android.support:drawerlayout:28.0.0] AndroidManifest.xml:20:5-44
MERGED from [com.android.support:drawerlayout:28.0.0] AndroidManifest.xml:20:5-44
MERGED from [com.android.support:slidingpanelayout:28.0.0] AndroidManifest.xml:20:5-44
MERGED from [com.android.support:slidingpanelayout:28.0.0] AndroidManifest.xml:20:5-44
MERGED from [com.android.support:customview:28.0.0] AndroidManifest.xml:20:5-44
MERGED from [com.android.support:customview:28.0.0] AndroidManifest.xml:20:5-44
MERGED from [com.android.support:swiperefreshlayout:28.0.0] AndroidManifest.xml:20:5-44
MERGED from [com.android.support:swiperefreshlayout:28.0.0] AndroidManifest.xml:20:5-44
MERGED from [com.android.support:asynclayoutinflater:28.0.0] AndroidManifest.xml:20:5-44
MERGED from [com.android.support:asynclayoutinflater:28.0.0] AndroidManifest.xml:20:5-44
MERGED from [com.android.support:support-compat:28.0.0] AndroidManifest.xml:20:5-44
MERGED from [com.android.support:support-compat:28.0.0] AndroidManifest.xml:20:5-44
MERGED from [com.android.support:versionedparcelable:28.0.0] AndroidManifest.xml:20:5-44
MERGED from [com.android.support:versionedparcelable:28.0.0] AndroidManifest.xml:20:5-44
MERGED from [com.android.support:cursoradapter:28.0.0] AndroidManifest.xml:20:5-44
MERGED from [com.android.support:cursoradapter:28.0.0] AndroidManifest.xml:20:5-44
MERGED from [android.arch.lifecycle:runtime:1.1.1] AndroidManifest.xml:20:5-44
MERGED from [android.arch.lifecycle:runtime:1.1.1] AndroidManifest.xml:20:5-44
MERGED from [com.android.support:documentfile:28.0.0] AndroidManifest.xml:20:5-44
MERGED from [com.android.support:documentfile:28.0.0] AndroidManifest.xml:20:5-44
MERGED from [com.android.support:localbroadcastmanager:28.0.0] AndroidManifest.xml:20:5-44
MERGED from [com.android.support:localbroadcastmanager:28.0.0] AndroidManifest.xml:20:5-44
MERGED from [com.android.support:print:28.0.0] AndroidManifest.xml:20:5-44
MERGED from [com.android.support:print:28.0.0] AndroidManifest.xml:20:5-44
MERGED from [android.arch.lifecycle:viewmodel:1.1.1] AndroidManifest.xml:20:5-44
MERGED from [android.arch.lifecycle:viewmodel:1.1.1] AndroidManifest.xml:20:5-44
MERGED from [android.arch.lifecycle:livedata:1.1.1] AndroidManifest.xml:20:5-44
MERGED from [android.arch.lifecycle:livedata:1.1.1] AndroidManifest.xml:20:5-44
MERGED from [android.arch.lifecycle:livedata-core:1.1.1] AndroidManifest.xml:20:5-44
MERGED from [android.arch.lifecycle:livedata-core:1.1.1] AndroidManifest.xml:20:5-44
MERGED from [android.arch.core:runtime:1.1.1] AndroidManifest.xml:20:5-44
MERGED from [android.arch.core:runtime:1.1.1] AndroidManifest.xml:20:5-44
MERGED from [com.android.support:interpolator:28.0.0] AndroidManifest.xml:20:5-44
MERGED from [com.android.support:interpolator:28.0.0] AndroidManifest.xml:20:5-44
INJECTED from Desktop/App2/AndroidManifest.xml:7:5-47
INJECTED from Desktop/App2/AndroidManifest.xml:7:5-47
	android:targetSdkVersion
		ADDED from Desktop/App2/AndroidManifest.xml:7:15-44
		INJECTED from Desktop/App2/AndroidManifest.xml
		INJECTED from Desktop/App2/AndroidManifest.xml
	android:minSdkVersion
		INJECTED from Desktop/App2/AndroidManifest.xml
		ADDED from Desktop/App2/AndroidManifest.xml:7:5-47
		INJECTED from Desktop/App2/AndroidManifest.xml
uses-permission#android.permission.NFC
ADDED from Desktop/App2/AndroidManifest.xml:9:5-62
	android:name
		ADDED from Desktop/App2/AndroidManifest.xml:9:22-59
uses-permission#android.permission.VIBRATE
ADDED from Desktop/App2/AndroidManifest.xml:10:5-66
	android:name
		ADDED from Desktop/App2/AndroidManifest.xml:10:22-63
uses-permission#android.permission.WRITE_EXTERNAL_STORAGE
ADDED from Desktop/App2/AndroidManifest.xml:11:5-81
	android:name
		ADDED from Desktop/App2/AndroidManifest.xml:11:22-78
uses-permission#android.permission.READ_EXTERNAL_STORAGE
ADDED from Desktop/App2/AndroidManifest.xml:12:5-80
	android:name
		ADDED from Desktop/App2/AndroidManifest.xml:12:22-77
uses-permission#android.permission.INTERNET
ADDED from Desktop/App2/AndroidManifest.xml:13:5-67
	android:name
		ADDED from Desktop/App2/AndroidManifest.xml:13:22-64
application
ADDED from Desktop/App2/AndroidManifest.xml:15:5-62:19
MERGED from [com.android.support.constraint:constraint-layout:1.1.3] AndroidManifest.xml:9:5-20
MERGED from [com.android.support.constraint:constraint-layout:1.1.3] AndroidManifest.xml:9:5-20
MERGED from [com.android.support:support-compat:28.0.0] AndroidManifest.xml:22:5-94
MERGED from [com.android.support:support-compat:28.0.0] AndroidManifest.xml:22:5-94
MERGED from [com.android.support:versionedparcelable:28.0.0] AndroidManifest.xml:22:5-23:19
MERGED from [com.android.support:versionedparcelable:28.0.0] AndroidManifest.xml:22:5-23:19
	android:appComponentFactory
		ADDED from [com.android.support:support-compat:28.0.0] AndroidManifest.xml:22:18-91
	android:label
		ADDED from Desktop/App2/AndroidManifest.xml:18:9-35
	android:icon
		ADDED from Desktop/App2/AndroidManifest.xml:17:9-42
	android:allowBackup
		ADDED from Desktop/App2/AndroidManifest.xml:16:9-35
	android:theme
		ADDED from Desktop/App2/AndroidManifest.xml:19:9-70
activity#com.nxp.nfc_demo.activities.MainActivity
ADDED from Desktop/App2/AndroidManifest.xml:20:9-37:20
	android:screenOrientation
		ADDED from Desktop/App2/AndroidManifest.xml:24:13-49
	android:launchMode
		ADDED from Desktop/App2/AndroidManifest.xml:23:13-44
	android:windowSoftInputMode
		ADDED from Desktop/App2/AndroidManifest.xml:25:13-52
	android:exported
		ADDED from Desktop/App2/AndroidManifest.xml:22:13-36
	android:name
		ADDED from Desktop/App2/AndroidManifest.xml:21:13-68
intent-filter#action:name:android.nfc.action.NDEF_DISCOVERED+category:name:android.intent.category.DEFAULT+data:host:www.nxp.com+data:pathPrefix:/products/identification_and_security/smart_label_and_tag_ics/ntag/series/NT3H1101_NT3H1201.html+data:scheme:http
ADDED from Desktop/App2/AndroidManifest.xml:27:13-36:29
action#android.nfc.action.NDEF_DISCOVERED
ADDED from Desktop/App2/AndroidManifest.xml:28:17-77
	android:name
		ADDED from Desktop/App2/AndroidManifest.xml:28:25-74
category#android.intent.category.DEFAULT
ADDED from Desktop/App2/AndroidManifest.xml:30:17-76
	android:name
		ADDED from Desktop/App2/AndroidManifest.xml:30:27-73
data
ADDED from Desktop/App2/AndroidManifest.xml:32:17-35:45
	android:host
		ADDED from Desktop/App2/AndroidManifest.xml:33:21-47
	android:scheme
		ADDED from Desktop/App2/AndroidManifest.xml:35:21-42
	android:pathPrefix
		ADDED from Desktop/App2/AndroidManifest.xml:34:21-138
activity#com.nxp.nfc_demo.activities.SplashActivity
ADDED from Desktop/App2/AndroidManifest.xml:38:9-49:20
	android:screenOrientation
		ADDED from Desktop/App2/AndroidManifest.xml:40:13-49
	android:windowSoftInputMode
		ADDED from Desktop/App2/AndroidManifest.xml:41:13-52
	android:name
		ADDED from Desktop/App2/AndroidManifest.xml:39:13-70
intent-filter#action:name:android.intent.action.MAIN+category:name:android.intent.category.LAUNCHER
ADDED from Desktop/App2/AndroidManifest.xml:44:13-48:29
action#android.intent.action.MAIN
ADDED from Desktop/App2/AndroidManifest.xml:45:17-69
	android:name
		ADDED from Desktop/App2/AndroidManifest.xml:45:25-66
category#android.intent.category.LAUNCHER
ADDED from Desktop/App2/AndroidManifest.xml:47:17-77
	android:name
		ADDED from Desktop/App2/AndroidManifest.xml:47:27-74
activity#com.nxp.nfc_demo.activities.ReadMemoryActivity
ADDED from Desktop/App2/AndroidManifest.xml:50:9-53:55
	android:screenOrientation
		ADDED from Desktop/App2/AndroidManifest.xml:52:13-49
	android:windowSoftInputMode
		ADDED from Desktop/App2/AndroidManifest.xml:53:13-52
	android:name
		ADDED from Desktop/App2/AndroidManifest.xml:51:13-74
activity#com.nxp.nfc_demo.activities.VersionInfoActivity
ADDED from Desktop/App2/AndroidManifest.xml:54:9-57:55
	android:screenOrientation
		ADDED from Desktop/App2/AndroidManifest.xml:56:13-49
	android:windowSoftInputMode
		ADDED from Desktop/App2/AndroidManifest.xml:57:13-52
	android:name
		ADDED from Desktop/App2/AndroidManifest.xml:55:13-75
activity#com.nxp.nfc_demo.activities.ShowData
ADDED from Desktop/App2/AndroidManifest.xml:58:9-61:55
	android:screenOrientation
		ADDED from Desktop/App2/AndroidManifest.xml:60:13-49
	android:windowSoftInputMode
		ADDED from Desktop/App2/AndroidManifest.xml:61:13-52
	android:name
		ADDED from Desktop/App2/AndroidManifest.xml:59:13-64